<?xml version="1.0" encoding="UTF-8"?>
<!-- Generated by org.testng.reporters.JUnitXMLReporter -->
<testsuite ignored="0" hostname="TVs-MacBook-Pro.local" failures="0" tests="12" name="Surefire test" time="27.065" errors="0" timestamp="2025-03-26T21:46:31 IST">
  <testcase classname="contactList.api.test.ContactsTest" name="testAddContacts" time="1.547"/>
  <testcase classname="contactList.api.test.ContactsTest" name="testReadContactList" time="1.439"/>
  <testcase classname="contactList.api.test.ContactsTest" name="testReadContacts" time="1.498"/>
  <testcase classname="contactList.api.test.ContactsTest" name="testUpdateContact" time="2.79"/>
  <testcase classname="contactList.api.test.ContactsTest" name="testUpdateContactFirstName" time="2.816"/>
  <testcase classname="contactList.api.test.ContactsTest" name="testdeleteContacts" time="1.457"/>
  <testcase classname="contactList.api.test.UserTest" name="testPostUser" time="1.409"/>
  <testcase classname="contactList.api.test.UserTest" name="testGetUser" time="1.352"/>
  <testcase classname="contactList.api.test.UserTest" name="testUpdateUser" time="2.832"/>
  <testcase classname="contactList.api.test.UserTest" name="testLoginUser" time="1.654"/>
  <testcase classname="contactList.api.test.UserTest" name="testLogoutUser" time="1.524"/>
  <testcase classname="contactList.api.test.UserTest" name="testDeleteUser" time="3.114"/>
</testsuite> <!-- Surefire test -->
