<?xml version="1.0" encoding="UTF-8"?>
<!-- Generated by org.testng.reporters.JUnitXMLReporter -->
<testsuite ignored="0" hostname="TVs-MacBook-Pro.local" failures="0" tests="7" name="Surefire test" time="19.465" errors="0" timestamp="2025-03-26T18:07:08 IST">
  <testcase classname="contactList.api.test.ContactsTest" name="testAddContacts" time="1.54"/>
  <testcase classname="contactList.api.test.ContactsTest" name="testReadContactList" time="1.411"/>
  <testcase classname="contactList.api.test.ContactsTest" name="testReadContacts" time="1.533"/>
  <testcase classname="contactList.api.test.ContactsTest" name="testUpdateContact" time="2.867"/>
  <testcase classname="contactList.api.test.ContactsTest" name="testUpdateContactFirstName" time="3.067"/>
  <testcase classname="contactList.api.test.ContactsTest" name="testdeleteContacts" time="1.729"/>
  <testcase classname="contactList.api.test.UserTest" name="testPostUser" time="1.447"/>
</testsuite> <!-- Surefire test -->
