<?xml version="1.0" encoding="UTF-8"?>
<testsuite xmlns:xsi="http://www.w3.org/2001/XMLSchema-instance" xsi:noNamespaceSchemaLocation="https://maven.apache.org/surefire/maven-surefire-plugin/xsd/surefire-test-report-3.0.xsd" version="3.0" name="TestSuite" time="19.666" tests="7" errors="0" skipped="0" failures="0">
  <properties>
[...]
</properties>
  <testcase name="testAddContacts" classname="contactList.api.test.ContactsTest" time="1.542">
    <system-out><![CDATA[HTTP/1.1 201 Created
Server: Cowboy
Report-To: {"group":"heroku-nel","max_age":3600,"endpoints":[{"url":"https://nel.heroku.com/reports?ts=1742992614&sid=af571f24-03ee-46d1-9f90-ab9030c2c74c&s=2i6Qsd2%2Fi4giYf6xPNBC6BiHUGZs8mn2%2FUhr5iNKKyY%3D"}]}
Reporting-Endpoints: heroku-nel=https://nel.heroku.com/reports?ts=1742992614&sid=af571f24-03ee-46d1-9f90-ab9030c2c74c&s=2i6Qsd2%2Fi4giYf6xPNBC6BiHUGZs8mn2%2FUhr5iNKKyY%3D
Nel: {"report_to":"heroku-nel","max_age":3600,"success_fraction":0.005,"failure_fraction":0.05,"response_headers":["Via"]}
Connection: keep-alive
X-Powered-By: Express
Set-Cookie: token=eyJhbGciOiJIUzI1NiIsInR5cCI6IkpXVCJ9.eyJfaWQiOiI2N2UzZjRlNjE5MzJiNTAwMTMwODY2ZjUiLCJpYXQiOjE3NDI5OTI2MTR9.AwovlJBWIBlGTL3H1AAl4ep1UMXuqZT4jzeUwcImMGA; Max-Age=684; Path=/; Expires=Wed, 26 Mar 2025 12:48:18 GMT
Content-Type: application/json; charset=utf-8
Content-Length: 286
Etag: W/"11e-OjfrnNA1uCr/CGeqrFr1VWaFIEo"
Date: Wed, 26 Mar 2025 12:36:54 GMT
Via: 1.1 vegur

{
    "user": {
        "_id": "67e3f4e61932b500130866f5",
        "firstName": "Joesph",
        "lastName": "Weimann",
        "email": "davina.hyatt@yahoo.com",
        "__v": 1
    },
    "token": "eyJhbGciOiJIUzI1NiIsInR5cCI6IkpXVCJ9.eyJfaWQiOiI2N2UzZjRlNjE5MzJiNTAwMTMwODY2ZjUiLCJpYXQiOjE3NDI5OTI2MTR9.AwovlJBWIBlGTL3H1AAl4ep1UMXuqZT4jzeUwcImMGA"
}
HTTP/1.1 201 Created
Server: Cowboy
Report-To: {"group":"heroku-nel","max_age":3600,"endpoints":[{"url":"https://nel.heroku.com/reports?ts=1742992616&sid=af571f24-03ee-46d1-9f90-ab9030c2c74c&s=CP1vOUxH9wr8dCsFtFs1d64ohYhvjUZWdGAehb%2FJR40%3D"}]}
Reporting-Endpoints: heroku-nel=https://nel.heroku.com/reports?ts=1742992616&sid=af571f24-03ee-46d1-9f90-ab9030c2c74c&s=CP1vOUxH9wr8dCsFtFs1d64ohYhvjUZWdGAehb%2FJR40%3D
Nel: {"report_to":"heroku-nel","max_age":3600,"success_fraction":0.005,"failure_fraction":0.05,"response_headers":["Via"]}
Connection: keep-alive
X-Powered-By: Express
Content-Type: application/json; charset=utf-8
Content-Length: 330
Etag: W/"14a-sbfSLG/GMII8zmJAcF/57sqAIv8"
Date: Wed, 26 Mar 2025 12:36:56 GMT
Via: 1.1 vegur

{
    "_id": "67e3f4e8ab587c00131fd92b",
    "firstName": "Scot",
    "lastName": "Steuber",
    "birthdate": "1970-01-01",
    "email": "martin.hartmann@gmail.com",
    "phone": "8005555555",
    "street1": "1 Main St.",
    "street2": "Apartment A",
    "city": "Keelingfort",
    "stateProvince": "KS",
    "postalCode": "12345",
    "country": "Cameroon",
    "owner": "67e3f4e61932b500130866f5",
    "__v": 0
}
]]></system-out>
    <system-err><![CDATA[SLF4J(W): No SLF4J providers were found.
SLF4J(W): Defaulting to no-operation (NOP) logger implementation
SLF4J(W): See https://www.slf4j.org/codes.html#noProviders for further details.
]]></system-err>
  </testcase>
  <testcase name="testReadContactList" classname="contactList.api.test.ContactsTest" time="1.413">
    <system-out><![CDATA[HTTP/1.1 200 OK
Server: Cowboy
Report-To: {"group":"heroku-nel","max_age":3600,"endpoints":[{"url":"https://nel.heroku.com/reports?ts=1742992618&sid=af571f24-03ee-46d1-9f90-ab9030c2c74c&s=wCZRYzHePGRltetAOHCnSUw0OdI1RrAaatek00nSWf8%3D"}]}
Reporting-Endpoints: heroku-nel=https://nel.heroku.com/reports?ts=1742992618&sid=af571f24-03ee-46d1-9f90-ab9030c2c74c&s=wCZRYzHePGRltetAOHCnSUw0OdI1RrAaatek00nSWf8%3D
Nel: {"report_to":"heroku-nel","max_age":3600,"success_fraction":0.005,"failure_fraction":0.05,"response_headers":["Via"]}
Connection: keep-alive
X-Powered-By: Express
Content-Type: application/json; charset=utf-8
Content-Length: 332
Etag: W/"14c-McjbFyjZ0CxBWP7FGCrPP8A4ivo"
Date: Wed, 26 Mar 2025 12:36:58 GMT
Via: 1.1 vegur

[
    {
        "_id": "67e3f4e8ab587c00131fd92b",
        "firstName": "Scot",
        "lastName": "Steuber",
        "birthdate": "1970-01-01",
        "email": "martin.hartmann@gmail.com",
        "phone": "8005555555",
        "street1": "1 Main St.",
        "street2": "Apartment A",
        "city": "Keelingfort",
        "stateProvince": "KS",
        "postalCode": "12345",
        "country": "Cameroon",
        "owner": "67e3f4e61932b500130866f5",
        "__v": 0
    }
]
]]></system-out>
  </testcase>
  <testcase name="testReadContacts" classname="contactList.api.test.ContactsTest" time="1.534">
    <system-out><![CDATA[HTTP/1.1 200 OK
Server: Cowboy
Report-To: {"group":"heroku-nel","max_age":3600,"endpoints":[{"url":"https://nel.heroku.com/reports?ts=1742992619&sid=af571f24-03ee-46d1-9f90-ab9030c2c74c&s=h4Rt56mGKt6tmLs5QN0xzAN1ljVf5qkB4HLZjxdoDjU%3D"}]}
Reporting-Endpoints: heroku-nel=https://nel.heroku.com/reports?ts=1742992619&sid=af571f24-03ee-46d1-9f90-ab9030c2c74c&s=h4Rt56mGKt6tmLs5QN0xzAN1ljVf5qkB4HLZjxdoDjU%3D
Nel: {"report_to":"heroku-nel","max_age":3600,"success_fraction":0.005,"failure_fraction":0.05,"response_headers":["Via"]}
Connection: keep-alive
X-Powered-By: Express
Content-Type: application/json; charset=utf-8
Content-Length: 332
Etag: W/"14c-McjbFyjZ0CxBWP7FGCrPP8A4ivo"
Date: Wed, 26 Mar 2025 12:36:59 GMT
Via: 1.1 vegur

[
    {
        "_id": "67e3f4e8ab587c00131fd92b",
        "firstName": "Scot",
        "lastName": "Steuber",
        "birthdate": "1970-01-01",
        "email": "martin.hartmann@gmail.com",
        "phone": "8005555555",
        "street1": "1 Main St.",
        "street2": "Apartment A",
        "city": "Keelingfort",
        "stateProvince": "KS",
        "postalCode": "12345",
        "country": "Cameroon",
        "owner": "67e3f4e61932b500130866f5",
        "__v": 0
    }
]
]]></system-out>
  </testcase>
  <testcase name="testUpdateContact" classname="contactList.api.test.ContactsTest" time="2.868">
    <system-out><![CDATA[HTTP/1.1 200 OK
Server: Cowboy
Report-To: {"group":"heroku-nel","max_age":3600,"endpoints":[{"url":"https://nel.heroku.com/reports?ts=1742992621&sid=af571f24-03ee-46d1-9f90-ab9030c2c74c&s=R26T4T09aoMPbdO6IC5SpzryvBgk0SxlZSINVGNwol4%3D"}]}
Reporting-Endpoints: heroku-nel=https://nel.heroku.com/reports?ts=1742992621&sid=af571f24-03ee-46d1-9f90-ab9030c2c74c&s=R26T4T09aoMPbdO6IC5SpzryvBgk0SxlZSINVGNwol4%3D
Nel: {"report_to":"heroku-nel","max_age":3600,"success_fraction":0.005,"failure_fraction":0.05,"response_headers":["Via"]}
Connection: keep-alive
X-Powered-By: Express
Content-Type: application/json; charset=utf-8
Content-Length: 344
Etag: W/"158-4KylJVu7CbAwnbZcAa4kXthAj1U"
Date: Wed, 26 Mar 2025 12:37:01 GMT
Via: 1.1 vegur

{
    "_id": "67e3f4e8ab587c00131fd92b",
    "firstName": "Rob",
    "lastName": "Toy",
    "birthdate": "1970-01-01",
    "email": "jeffry.schulist@yahoo.com",
    "phone": "8005555555",
    "street1": "1 Main St.",
    "street2": "Apartment A",
    "city": "Schuppeport",
    "stateProvince": "KS",
    "postalCode": "12345",
    "country": "French Southern Territories",
    "owner": "67e3f4e61932b500130866f5",
    "__v": 0
}
]]></system-out>
  </testcase>
  <testcase name="testUpdateContactFirstName" classname="contactList.api.test.ContactsTest" time="3.068">
    <system-out><![CDATA[HTTP/1.1 200 OK
Server: Cowboy
Report-To: {"group":"heroku-nel","max_age":3600,"endpoints":[{"url":"https://nel.heroku.com/reports?ts=1742992623&sid=af571f24-03ee-46d1-9f90-ab9030c2c74c&s=9y%2BuemW6DyhHlYlYbMMyVB8Z1UKUAhmEljG%2Ff12Yy54%3D"}]}
Reporting-Endpoints: heroku-nel=https://nel.heroku.com/reports?ts=1742992623&sid=af571f24-03ee-46d1-9f90-ab9030c2c74c&s=9y%2BuemW6DyhHlYlYbMMyVB8Z1UKUAhmEljG%2Ff12Yy54%3D
Nel: {"report_to":"heroku-nel","max_age":3600,"success_fraction":0.005,"failure_fraction":0.05,"response_headers":["Via"]}
Connection: keep-alive
X-Powered-By: Express
Content-Type: application/json; charset=utf-8
Content-Length: 347
Etag: W/"15b-/aeC4I+xGIdwgEay63hLqem3z5U"
Date: Wed, 26 Mar 2025 12:37:03 GMT
Via: 1.1 vegur

{
    "_id": "67e3f4e8ab587c00131fd92b",
    "firstName": "Alison",
    "lastName": "Toy",
    "birthdate": "1970-01-01",
    "email": "jeffry.schulist@yahoo.com",
    "phone": "8005555555",
    "street1": "1 Main St.",
    "street2": "Apartment A",
    "city": "Schuppeport",
    "stateProvince": "KS",
    "postalCode": "12345",
    "country": "French Southern Territories",
    "owner": "67e3f4e61932b500130866f5",
    "__v": 0
}
HTTP/1.1 200 OK
Server: Cowboy
Report-To: {"group":"heroku-nel","max_age":3600,"endpoints":[{"url":"https://nel.heroku.com/reports?ts=1742992625&sid=af571f24-03ee-46d1-9f90-ab9030c2c74c&s=Lu15LvoJdgIo3LeaSTpm2HKEBF8iyc1huHUp3hyrUFg%3D"}]}
Reporting-Endpoints: heroku-nel=https://nel.heroku.com/reports?ts=1742992625&sid=af571f24-03ee-46d1-9f90-ab9030c2c74c&s=Lu15LvoJdgIo3LeaSTpm2HKEBF8iyc1huHUp3hyrUFg%3D
Nel: {"report_to":"heroku-nel","max_age":3600,"success_fraction":0.005,"failure_fraction":0.05,"response_headers":["Via"]}
Connection: keep-alive
X-Powered-By: Express
Content-Type: application/json; charset=utf-8
Content-Length: 349
Etag: W/"15d-xO5iSMqTkAdJOssarrEPdSeZkSA"
Date: Wed, 26 Mar 2025 12:37:05 GMT
Via: 1.1 vegur

[
    {
        "_id": "67e3f4e8ab587c00131fd92b",
        "firstName": "Alison",
        "lastName": "Toy",
        "birthdate": "1970-01-01",
        "email": "jeffry.schulist@yahoo.com",
        "phone": "8005555555",
        "street1": "1 Main St.",
        "street2": "Apartment A",
        "city": "Schuppeport",
        "stateProvince": "KS",
        "postalCode": "12345",
        "country": "French Southern Territories",
        "owner": "67e3f4e61932b500130866f5",
        "__v": 0
    }
]
]]></system-out>
  </testcase>
  <testcase name="testdeleteContacts" classname="contactList.api.test.ContactsTest" time="1.728">
    <system-out><![CDATA[HTTP/1.1 200 OK
Server: Cowboy
Report-To: {"group":"heroku-nel","max_age":3600,"endpoints":[{"url":"https://nel.heroku.com/reports?ts=1742992626&sid=af571f24-03ee-46d1-9f90-ab9030c2c74c&s=6NdxQlSXDX7DfUK6BjfH4XEAVZCiI%2Fwz0sIWsj5WxKk%3D"}]}
Reporting-Endpoints: heroku-nel=https://nel.heroku.com/reports?ts=1742992626&sid=af571f24-03ee-46d1-9f90-ab9030c2c74c&s=6NdxQlSXDX7DfUK6BjfH4XEAVZCiI%2Fwz0sIWsj5WxKk%3D
Nel: {"report_to":"heroku-nel","max_age":3600,"success_fraction":0.005,"failure_fraction":0.05,"response_headers":["Via"]}
Connection: keep-alive
X-Powered-By: Express
Content-Type: text/html; charset=utf-8
Content-Length: 15
Etag: W/"f-smqnjm2ArsFbkvZ+qy6N7Dow4bQ"
Date: Wed, 26 Mar 2025 12:37:07 GMT
Via: 1.1 vegur

<html>
  <body>Contact deleted</body>
</html>
]]></system-out>
  </testcase>
  <testcase name="testPostUser" classname="contactList.api.test.UserTest" time="1.446">
    <system-out><![CDATA[HTTP/1.1 201 Created
Server: Cowboy
Report-To: {"group":"heroku-nel","max_age":3600,"endpoints":[{"url":"https://nel.heroku.com/reports?ts=1742992628&sid=af571f24-03ee-46d1-9f90-ab9030c2c74c&s=WlcKatybxVASjaSdfwbeLqYgMcvQip2bv%2F0QRnq%2FQs8%3D"}]}
Reporting-Endpoints: heroku-nel=https://nel.heroku.com/reports?ts=1742992628&sid=af571f24-03ee-46d1-9f90-ab9030c2c74c&s=WlcKatybxVASjaSdfwbeLqYgMcvQip2bv%2F0QRnq%2FQs8%3D
Nel: {"report_to":"heroku-nel","max_age":3600,"success_fraction":0.005,"failure_fraction":0.05,"response_headers":["Via"]}
Connection: keep-alive
X-Powered-By: Express
Set-Cookie: token=eyJhbGciOiJIUzI1NiIsInR5cCI6IkpXVCJ9.eyJfaWQiOiI2N2UzZjRmNDE5MzJiNTAwMTMwODY2ZjkiLCJpYXQiOjE3NDI5OTI2Mjh9.csR_skHCFHm7dlPqZZLcNzllDXHNCr6XN5n6KCalVfo; Max-Age=684; Path=/; Expires=Wed, 26 Mar 2025 12:48:32 GMT
Content-Type: application/json; charset=utf-8
Content-Length: 282
Etag: W/"11a-xqOqTD1RHeBKmA3ORp1lOcXVyFk"
Date: Wed, 26 Mar 2025 12:37:08 GMT
Via: 1.1 vegur

{
    "user": {
        "_id": "67e3f4f41932b500130866f9",
        "firstName": "Risa",
        "lastName": "Maggio",
        "email": "hee.strosin@yahoo.com",
        "__v": 1
    },
    "token": "eyJhbGciOiJIUzI1NiIsInR5cCI6IkpXVCJ9.eyJfaWQiOiI2N2UzZjRmNDE5MzJiNTAwMTMwODY2ZjkiLCJpYXQiOjE3NDI5OTI2Mjh9.csR_skHCFHm7dlPqZZLcNzllDXHNCr6XN5n6KCalVfo"
}
]]></system-out>
  </testcase>
</testsuite>