<?xml version="1.0" encoding="UTF-8"?>
<testng-results ignored="0" total="7" passed="7" failed="0" skipped="0">
  <reporter-output>
  </reporter-output>
  <suite started-at="2025-03-26T18:06:49 IST" name="Surefire suite" finished-at="2025-03-26T18:07:08 IST" duration-ms="19465">
    <groups>
      <group name="regression">
        <method signature="ContactsTest.testUpdateContact()[pri:4, instance:contactList.api.test.ContactsTest@568bf312]" name="testUpdateContact" class="contactList.api.test.ContactsTest"/>
        <method signature="ContactsTest.testUpdateContactFirstName()[pri:5, instance:contactList.api.test.ContactsTest@568bf312]" name="testUpdateContactFirstName" class="contactList.api.test.ContactsTest"/>
      </group> <!-- regression -->
      <group name="smoke">
        <method signature="ContactsTest.testAddContacts()[pri:1, instance:contactList.api.test.ContactsTest@568bf312]" name="testAddContacts" class="contactList.api.test.ContactsTest"/>
        <method signature="UserTest.testPostUser()[pri:1, instance:contactList.api.test.UserTest@52e677af]" name="testPostUser" class="contactList.api.test.UserTest"/>
        <method signature="ContactsTest.testdeleteContacts()[pri:6, instance:contactList.api.test.ContactsTest@568bf312]" name="testdeleteContacts" class="contactList.api.test.ContactsTest"/>
      </group> <!-- smoke -->
      <group name="sanity">
        <method signature="ContactsTest.testReadContactList()[pri:2, instance:contactList.api.test.ContactsTest@568bf312]" name="testReadContactList" class="contactList.api.test.ContactsTest"/>
        <method signature="ContactsTest.testReadContacts()[pri:3, instance:contactList.api.test.ContactsTest@568bf312]" name="testReadContacts" class="contactList.api.test.ContactsTest"/>
      </group> <!-- sanity -->
    </groups>
    <test started-at="2025-03-26T18:06:49 IST" name="Surefire test" finished-at="2025-03-26T18:07:08 IST" duration-ms="19465">
      <class name="contactList.api.test.ContactsTest">
        <test-method is-config="true" signature="setup()[pri:0, instance:contactList.api.test.ContactsTest@568bf312]" started-at="2025-03-26T18:06:49 IST" name="setup" finished-at="2025-03-26T18:06:55 IST" duration-ms="5818" status="PASS">
          <reporter-output>
          </reporter-output>
        </test-method> <!-- setup -->
        <test-method signature="testAddContacts()[pri:1, instance:contactList.api.test.ContactsTest@568bf312]" started-at="2025-03-26T18:06:55 IST" name="testAddContacts" finished-at="2025-03-26T18:06:56 IST" duration-ms="1540" status="PASS">
          <reporter-output>
          </reporter-output>
        </test-method> <!-- testAddContacts -->
        <test-method signature="testReadContactList()[pri:2, instance:contactList.api.test.ContactsTest@568bf312]" started-at="2025-03-26T18:06:56 IST" name="testReadContactList" finished-at="2025-03-26T18:06:58 IST" duration-ms="1411" status="PASS">
          <reporter-output>
          </reporter-output>
        </test-method> <!-- testReadContactList -->
        <test-method signature="testReadContacts()[pri:3, instance:contactList.api.test.ContactsTest@568bf312]" started-at="2025-03-26T18:06:58 IST" name="testReadContacts" finished-at="2025-03-26T18:06:59 IST" duration-ms="1533" status="PASS">
          <reporter-output>
          </reporter-output>
        </test-method> <!-- testReadContacts -->
        <test-method signature="testUpdateContact()[pri:4, instance:contactList.api.test.ContactsTest@568bf312]" started-at="2025-03-26T18:06:59 IST" name="testUpdateContact" finished-at="2025-03-26T18:07:02 IST" duration-ms="2867" status="PASS">
          <reporter-output>
          </reporter-output>
        </test-method> <!-- testUpdateContact -->
        <test-method signature="testUpdateContactFirstName()[pri:5, instance:contactList.api.test.ContactsTest@568bf312]" started-at="2025-03-26T18:07:02 IST" name="testUpdateContactFirstName" finished-at="2025-03-26T18:07:05 IST" duration-ms="3067" status="PASS">
          <reporter-output>
          </reporter-output>
        </test-method> <!-- testUpdateContactFirstName -->
        <test-method signature="testdeleteContacts()[pri:6, instance:contactList.api.test.ContactsTest@568bf312]" started-at="2025-03-26T18:07:05 IST" name="testdeleteContacts" finished-at="2025-03-26T18:07:07 IST" duration-ms="1729" status="PASS">
          <reporter-output>
          </reporter-output>
        </test-method> <!-- testdeleteContacts -->
      </class> <!-- contactList.api.test.ContactsTest -->
      <class name="contactList.api.test.UserTest">
        <test-method is-config="true" signature="setUpData()[pri:0, instance:contactList.api.test.UserTest@52e677af]" started-at="2025-03-26T18:07:07 IST" name="setUpData" finished-at="2025-03-26T18:07:07 IST" duration-ms="23" status="PASS">
          <reporter-output>
          </reporter-output>
        </test-method> <!-- setUpData -->
        <test-method signature="testPostUser()[pri:1, instance:contactList.api.test.UserTest@52e677af]" started-at="2025-03-26T18:07:07 IST" name="testPostUser" finished-at="2025-03-26T18:07:08 IST" duration-ms="1447" status="PASS">
          <reporter-output>
          </reporter-output>
        </test-method> <!-- testPostUser -->
      </class> <!-- contactList.api.test.UserTest -->
    </test> <!-- Surefire test -->
  </suite> <!-- Surefire suite -->
</testng-results>
