<?xml version="1.0" encoding="UTF-8"?>
<testsuite xmlns:xsi="http://www.w3.org/2001/XMLSchema-instance" xsi:noNamespaceSchemaLocation="https://maven.apache.org/surefire/maven-surefire-plugin/xsd/surefire-test-report-3.0.xsd" version="3.0" name="TestSuite" time="28.758" tests="12" errors="0" skipped="0" failures="0">
  <properties>
[...]
</properties>
  <testcase name="testAddContacts" classname="contactList.api.test.ContactsTest" time="1.548">
    <system-out><![CDATA[HTTP/1.1 201 Created
Server: Cowboy
Report-To: {"group":"heroku-nel","max_age":3600,"endpoints":[{"url":"https://nel.heroku.com/reports?ts=1743005767&sid=af571f24-03ee-46d1-9f90-ab9030c2c74c&s=yVcuc%2BvpXs5eEGdREkapKJcHwtO2E3hTrm99lYACHXE%3D"}]}
Reporting-Endpoints: heroku-nel=https://nel.heroku.com/reports?ts=1743005767&sid=af571f24-03ee-46d1-9f90-ab9030c2c74c&s=yVcuc%2BvpXs5eEGdREkapKJcHwtO2E3hTrm99lYACHXE%3D
Nel: {"report_to":"heroku-nel","max_age":3600,"success_fraction":0.005,"failure_fraction":0.05,"response_headers":["Via"]}
Connection: keep-alive
X-Powered-By: Express
Set-Cookie: token=eyJhbGciOiJIUzI1NiIsInR5cCI6IkpXVCJ9.eyJfaWQiOiI2N2U0Mjg0N2FiNTg3YzAwMTMxZmRjM2YiLCJpYXQiOjE3NDMwMDU3Njd9.iEekYKGclqvqKHvsyAb8VCnAAFxpu2p_bd6p0yND1-g; Max-Age=684; Path=/; Expires=Wed, 26 Mar 2025 16:27:31 GMT
Content-Type: application/json; charset=utf-8
Content-Length: 293
Etag: W/"125-+MPVVjqPv0s2cjYtQvhAWtfH/QM"
Date: Wed, 26 Mar 2025 16:16:07 GMT
Via: 1.1 vegur

{
    "user": {
        "_id": "67e42847ab587c00131fdc3f",
        "firstName": "Marceline",
        "lastName": "Schuppe",
        "email": "tommie.carroll@hotmail.com",
        "__v": 1
    },
    "token": "eyJhbGciOiJIUzI1NiIsInR5cCI6IkpXVCJ9.eyJfaWQiOiI2N2U0Mjg0N2FiNTg3YzAwMTMxZmRjM2YiLCJpYXQiOjE3NDMwMDU3Njd9.iEekYKGclqvqKHvsyAb8VCnAAFxpu2p_bd6p0yND1-g"
}
HTTP/1.1 201 Created
Server: Cowboy
Report-To: {"group":"heroku-nel","max_age":3600,"endpoints":[{"url":"https://nel.heroku.com/reports?ts=1743005769&sid=af571f24-03ee-46d1-9f90-ab9030c2c74c&s=lvGHDccQ8LWEI6JGWWFscWjaR4xw0DwRG1C%2BZlCHHXs%3D"}]}
Reporting-Endpoints: heroku-nel=https://nel.heroku.com/reports?ts=1743005769&sid=af571f24-03ee-46d1-9f90-ab9030c2c74c&s=lvGHDccQ8LWEI6JGWWFscWjaR4xw0DwRG1C%2BZlCHHXs%3D
Nel: {"report_to":"heroku-nel","max_age":3600,"success_fraction":0.005,"failure_fraction":0.05,"response_headers":["Via"]}
Connection: keep-alive
X-Powered-By: Express
Content-Type: application/json; charset=utf-8
Content-Length: 340
Etag: W/"154-3BTYxw8vloJptU4wnzk3+tRBLUA"
Date: Wed, 26 Mar 2025 16:16:09 GMT
Via: 1.1 vegur

{
    "_id": "67e428491932b50013086a44",
    "firstName": "Jeremiah",
    "lastName": "Satterfield",
    "birthdate": "1970-01-01",
    "email": "tuan.farrell@yahoo.com",
    "phone": "8005555555",
    "street1": "1 Main St.",
    "street2": "Apartment A",
    "city": "Kelleyville",
    "stateProvince": "KS",
    "postalCode": "12345",
    "country": "Guinea-Bissau",
    "owner": "67e42847ab587c00131fdc3f",
    "__v": 0
}
]]></system-out>
    <system-err><![CDATA[SLF4J(W): No SLF4J providers were found.
SLF4J(W): Defaulting to no-operation (NOP) logger implementation
SLF4J(W): See https://www.slf4j.org/codes.html#noProviders for further details.
SLF4J(W): Class path contains SLF4J bindings targeting slf4j-api versions 1.7.x or earlier.
SLF4J(W): Ignoring binding found at [jar:file:/Users/tv/.m2/repository/org/apache/logging/log4j/log4j-slf4j-impl/2.20.0/log4j-slf4j-impl-2.20.0.jar!/org/slf4j/impl/StaticLoggerBinder.class]
SLF4J(W): See https://www.slf4j.org/codes.html#ignoredBindings for an explanation.
]]></system-err>
  </testcase>
  <testcase name="testReadContactList" classname="contactList.api.test.ContactsTest" time="1.44">
    <system-out><![CDATA[HTTP/1.1 200 OK
Server: Cowboy
Report-To: {"group":"heroku-nel","max_age":3600,"endpoints":[{"url":"https://nel.heroku.com/reports?ts=1743005770&sid=af571f24-03ee-46d1-9f90-ab9030c2c74c&s=VLU761aXFM4l%2Fsa1EtYJKZyrB7ZNBMUU%2FUVNssfzAOs%3D"}]}
Reporting-Endpoints: heroku-nel=https://nel.heroku.com/reports?ts=1743005770&sid=af571f24-03ee-46d1-9f90-ab9030c2c74c&s=VLU761aXFM4l%2Fsa1EtYJKZyrB7ZNBMUU%2FUVNssfzAOs%3D
Nel: {"report_to":"heroku-nel","max_age":3600,"success_fraction":0.005,"failure_fraction":0.05,"response_headers":["Via"]}
Connection: keep-alive
X-Powered-By: Express
Content-Type: application/json; charset=utf-8
Content-Length: 342
Etag: W/"156-4rYxis/eDxtkghyZo2a8wTz+0AA"
Date: Wed, 26 Mar 2025 16:16:10 GMT
Via: 1.1 vegur

[
    {
        "_id": "67e428491932b50013086a44",
        "firstName": "Jeremiah",
        "lastName": "Satterfield",
        "birthdate": "1970-01-01",
        "email": "tuan.farrell@yahoo.com",
        "phone": "8005555555",
        "street1": "1 Main St.",
        "street2": "Apartment A",
        "city": "Kelleyville",
        "stateProvince": "KS",
        "postalCode": "12345",
        "country": "Guinea-Bissau",
        "owner": "67e42847ab587c00131fdc3f",
        "__v": 0
    }
]
]]></system-out>
  </testcase>
  <testcase name="testReadContacts" classname="contactList.api.test.ContactsTest" time="1.498">
    <system-out><![CDATA[HTTP/1.1 200 OK
Server: Cowboy
Report-To: {"group":"heroku-nel","max_age":3600,"endpoints":[{"url":"https://nel.heroku.com/reports?ts=1743005772&sid=af571f24-03ee-46d1-9f90-ab9030c2c74c&s=S%2FVr%2FGYCln7JkmRPuL%2BaEwPf%2BwhgCWZS4m8zeCTHyUk%3D"}]}
Reporting-Endpoints: heroku-nel=https://nel.heroku.com/reports?ts=1743005772&sid=af571f24-03ee-46d1-9f90-ab9030c2c74c&s=S%2FVr%2FGYCln7JkmRPuL%2BaEwPf%2BwhgCWZS4m8zeCTHyUk%3D
Nel: {"report_to":"heroku-nel","max_age":3600,"success_fraction":0.005,"failure_fraction":0.05,"response_headers":["Via"]}
Connection: keep-alive
X-Powered-By: Express
Content-Type: application/json; charset=utf-8
Content-Length: 342
Etag: W/"156-4rYxis/eDxtkghyZo2a8wTz+0AA"
Date: Wed, 26 Mar 2025 16:16:12 GMT
Via: 1.1 vegur

[
    {
        "_id": "67e428491932b50013086a44",
        "firstName": "Jeremiah",
        "lastName": "Satterfield",
        "birthdate": "1970-01-01",
        "email": "tuan.farrell@yahoo.com",
        "phone": "8005555555",
        "street1": "1 Main St.",
        "street2": "Apartment A",
        "city": "Kelleyville",
        "stateProvince": "KS",
        "postalCode": "12345",
        "country": "Guinea-Bissau",
        "owner": "67e42847ab587c00131fdc3f",
        "__v": 0
    }
]
]]></system-out>
  </testcase>
  <testcase name="testUpdateContact" classname="contactList.api.test.ContactsTest" time="2.79">
    <system-out><![CDATA[HTTP/1.1 200 OK
Server: Cowboy
Report-To: {"group":"heroku-nel","max_age":3600,"endpoints":[{"url":"https://nel.heroku.com/reports?ts=1743005773&sid=af571f24-03ee-46d1-9f90-ab9030c2c74c&s=KIEIWSzE%2B4rKBMhriT%2BjNSdDRbHNM2VxUdtGp2G7gGc%3D"}]}
Reporting-Endpoints: heroku-nel=https://nel.heroku.com/reports?ts=1743005773&sid=af571f24-03ee-46d1-9f90-ab9030c2c74c&s=KIEIWSzE%2B4rKBMhriT%2BjNSdDRbHNM2VxUdtGp2G7gGc%3D
Nel: {"report_to":"heroku-nel","max_age":3600,"success_fraction":0.005,"failure_fraction":0.05,"response_headers":["Via"]}
Connection: keep-alive
X-Powered-By: Express
Content-Type: application/json; charset=utf-8
Content-Length: 325
Etag: W/"145-+81ETN+oTtYgv0ECI6SR2s0AecQ"
Date: Wed, 26 Mar 2025 16:16:13 GMT
Via: 1.1 vegur

{
    "_id": "67e428491932b50013086a44",
    "firstName": "Harold",
    "lastName": "Stamm",
    "birthdate": "1970-01-01",
    "email": "diego.gislason@gmail.com",
    "phone": "8005555555",
    "street1": "1 Main St.",
    "street2": "Apartment A",
    "city": "Zacheryfort",
    "stateProvince": "KS",
    "postalCode": "12345",
    "country": "Niue",
    "owner": "67e42847ab587c00131fdc3f",
    "__v": 0
}
]]></system-out>
  </testcase>
  <testcase name="testUpdateContactFirstName" classname="contactList.api.test.ContactsTest" time="2.816">
    <system-out><![CDATA[HTTP/1.1 200 OK
Server: Cowboy
Report-To: {"group":"heroku-nel","max_age":3600,"endpoints":[{"url":"https://nel.heroku.com/reports?ts=1743005776&sid=af571f24-03ee-46d1-9f90-ab9030c2c74c&s=3TZ7mpUl1XGuCnK9PAL5JZXKTBFrhZROiKskKqN2zXc%3D"}]}
Reporting-Endpoints: heroku-nel=https://nel.heroku.com/reports?ts=1743005776&sid=af571f24-03ee-46d1-9f90-ab9030c2c74c&s=3TZ7mpUl1XGuCnK9PAL5JZXKTBFrhZROiKskKqN2zXc%3D
Nel: {"report_to":"heroku-nel","max_age":3600,"success_fraction":0.005,"failure_fraction":0.05,"response_headers":["Via"]}
Connection: keep-alive
X-Powered-By: Express
Content-Type: application/json; charset=utf-8
Content-Length: 326
Etag: W/"146-D8ums80XXWycXKtus6yFVLyRxEg"
Date: Wed, 26 Mar 2025 16:16:16 GMT
Via: 1.1 vegur

{
    "_id": "67e428491932b50013086a44",
    "firstName": "Loretta",
    "lastName": "Stamm",
    "birthdate": "1970-01-01",
    "email": "diego.gislason@gmail.com",
    "phone": "8005555555",
    "street1": "1 Main St.",
    "street2": "Apartment A",
    "city": "Zacheryfort",
    "stateProvince": "KS",
    "postalCode": "12345",
    "country": "Niue",
    "owner": "67e42847ab587c00131fdc3f",
    "__v": 0
}
HTTP/1.1 200 OK
Server: Cowboy
Report-To: {"group":"heroku-nel","max_age":3600,"endpoints":[{"url":"https://nel.heroku.com/reports?ts=1743005777&sid=af571f24-03ee-46d1-9f90-ab9030c2c74c&s=Rf5wx4t1ItRhqck2HDoI0ERMiIA2HrAgZrKOzxZgftQ%3D"}]}
Reporting-Endpoints: heroku-nel=https://nel.heroku.com/reports?ts=1743005777&sid=af571f24-03ee-46d1-9f90-ab9030c2c74c&s=Rf5wx4t1ItRhqck2HDoI0ERMiIA2HrAgZrKOzxZgftQ%3D
Nel: {"report_to":"heroku-nel","max_age":3600,"success_fraction":0.005,"failure_fraction":0.05,"response_headers":["Via"]}
Connection: keep-alive
X-Powered-By: Express
Content-Type: application/json; charset=utf-8
Content-Length: 328
Etag: W/"148-kPoNyt8TOVLNrveKuMs/1NZ4xjY"
Date: Wed, 26 Mar 2025 16:16:17 GMT
Via: 1.1 vegur

[
    {
        "_id": "67e428491932b50013086a44",
        "firstName": "Loretta",
        "lastName": "Stamm",
        "birthdate": "1970-01-01",
        "email": "diego.gislason@gmail.com",
        "phone": "8005555555",
        "street1": "1 Main St.",
        "street2": "Apartment A",
        "city": "Zacheryfort",
        "stateProvince": "KS",
        "postalCode": "12345",
        "country": "Niue",
        "owner": "67e42847ab587c00131fdc3f",
        "__v": 0
    }
]
]]></system-out>
  </testcase>
  <testcase name="testdeleteContacts" classname="contactList.api.test.ContactsTest" time="1.457">
    <system-out><![CDATA[HTTP/1.1 200 OK
Server: Cowboy
Report-To: {"group":"heroku-nel","max_age":3600,"endpoints":[{"url":"https://nel.heroku.com/reports?ts=1743005779&sid=af571f24-03ee-46d1-9f90-ab9030c2c74c&s=kwYxpazlsfFfoRnsady9Ao7FYhZw1XYfkuCaTlGHUBk%3D"}]}
Reporting-Endpoints: heroku-nel=https://nel.heroku.com/reports?ts=1743005779&sid=af571f24-03ee-46d1-9f90-ab9030c2c74c&s=kwYxpazlsfFfoRnsady9Ao7FYhZw1XYfkuCaTlGHUBk%3D
Nel: {"report_to":"heroku-nel","max_age":3600,"success_fraction":0.005,"failure_fraction":0.05,"response_headers":["Via"]}
Connection: keep-alive
X-Powered-By: Express
Content-Type: text/html; charset=utf-8
Content-Length: 15
Etag: W/"f-smqnjm2ArsFbkvZ+qy6N7Dow4bQ"
Date: Wed, 26 Mar 2025 16:16:19 GMT
Via: 1.1 vegur

<html>
  <body>Contact deleted</body>
</html>
]]></system-out>
  </testcase>
  <testcase name="testPostUser" classname="contactList.api.test.UserTest" time="1.412">
    <system-out><![CDATA[HTTP/1.1 201 Created
Server: Cowboy
Report-To: {"group":"heroku-nel","max_age":3600,"endpoints":[{"url":"https://nel.heroku.com/reports?ts=1743005780&sid=af571f24-03ee-46d1-9f90-ab9030c2c74c&s=Vl5K1IE1Rwc8KK4Pytiyrj2gDgf%2BVOy64NGMx64kAcU%3D"}]}
Reporting-Endpoints: heroku-nel=https://nel.heroku.com/reports?ts=1743005780&sid=af571f24-03ee-46d1-9f90-ab9030c2c74c&s=Vl5K1IE1Rwc8KK4Pytiyrj2gDgf%2BVOy64NGMx64kAcU%3D
Nel: {"report_to":"heroku-nel","max_age":3600,"success_fraction":0.005,"failure_fraction":0.05,"response_headers":["Via"]}
Connection: keep-alive
X-Powered-By: Express
Set-Cookie: token=eyJhbGciOiJIUzI1NiIsInR5cCI6IkpXVCJ9.eyJfaWQiOiI2N2U0Mjg1NDE5MzJiNTAwMTMwODZhNDUiLCJpYXQiOjE3NDMwMDU3ODB9.54o6GHTQlw05n59FWJBRwlKY2gK4IcaId8GXjDmby0w; Max-Age=684; Path=/; Expires=Wed, 26 Mar 2025 16:27:44 GMT
Content-Type: application/json; charset=utf-8
Content-Length: 289
Etag: W/"121-XLflwZ3k80OnQtmNFWvAxI/e3CE"
Date: Wed, 26 Mar 2025 16:16:20 GMT
Via: 1.1 vegur

{
    "user": {
        "_id": "67e428541932b50013086a45",
        "firstName": "Domingo",
        "lastName": "Lockman",
        "email": "melanie.abbott@gmail.com",
        "__v": 1
    },
    "token": "eyJhbGciOiJIUzI1NiIsInR5cCI6IkpXVCJ9.eyJfaWQiOiI2N2U0Mjg1NDE5MzJiNTAwMTMwODZhNDUiLCJpYXQiOjE3NDMwMDU3ODB9.54o6GHTQlw05n59FWJBRwlKY2gK4IcaId8GXjDmby0w"
}
]]></system-out>
  </testcase>
  <testcase name="testGetUser" classname="contactList.api.test.UserTest" time="1.35">
    <system-out><![CDATA[HTTP/1.1 200 OK
Server: Cowboy
Report-To: {"group":"heroku-nel","max_age":3600,"endpoints":[{"url":"https://nel.heroku.com/reports?ts=1743005782&sid=af571f24-03ee-46d1-9f90-ab9030c2c74c&s=O6nACgtvnER8wlH1F4HGYeUazt1F5D9Fd2n6TV0bVBE%3D"}]}
Reporting-Endpoints: heroku-nel=https://nel.heroku.com/reports?ts=1743005782&sid=af571f24-03ee-46d1-9f90-ab9030c2c74c&s=O6nACgtvnER8wlH1F4HGYeUazt1F5D9Fd2n6TV0bVBE%3D
Nel: {"report_to":"heroku-nel","max_age":3600,"success_fraction":0.005,"failure_fraction":0.05,"response_headers":["Via"]}
Connection: keep-alive
X-Powered-By: Express
Content-Type: application/json; charset=utf-8
Content-Length: 120
Etag: W/"78-rug/EEr6GfNF+iCQW+qoX2lm7DM"
Date: Wed, 26 Mar 2025 16:16:22 GMT
Via: 1.1 vegur

{
    "_id": "67e428541932b50013086a45",
    "firstName": "Domingo",
    "lastName": "Lockman",
    "email": "melanie.abbott@gmail.com",
    "__v": 1
}
]]></system-out>
  </testcase>
  <testcase name="testUpdateUser" classname="contactList.api.test.UserTest" time="2.833">
    <system-out><![CDATA[HTTP/1.1 200 OK
Server: Cowboy
Report-To: {"group":"heroku-nel","max_age":3600,"endpoints":[{"url":"https://nel.heroku.com/reports?ts=1743005783&sid=af571f24-03ee-46d1-9f90-ab9030c2c74c&s=ZpPRJVlXoeS5EgGDN%2FfQ2NwaMSn7kNiXdqJ0y%2B6EONk%3D"}]}
Reporting-Endpoints: heroku-nel=https://nel.heroku.com/reports?ts=1743005783&sid=af571f24-03ee-46d1-9f90-ab9030c2c74c&s=ZpPRJVlXoeS5EgGDN%2FfQ2NwaMSn7kNiXdqJ0y%2B6EONk%3D
Nel: {"report_to":"heroku-nel","max_age":3600,"success_fraction":0.005,"failure_fraction":0.05,"response_headers":["Via"]}
Connection: keep-alive
X-Powered-By: Express
Content-Type: application/json; charset=utf-8
Content-Length: 119
Etag: W/"77-Dzp4hhL/Vk2agEpoVFMg8BmFJ4A"
Date: Wed, 26 Mar 2025 16:16:23 GMT
Via: 1.1 vegur

{
    "_id": "67e428541932b50013086a45",
    "firstName": "Merna",
    "lastName": "Reichert",
    "email": "melanie.abbott@gmail.com",
    "__v": 1
}
]]></system-out>
  </testcase>
  <testcase name="testLoginUser" classname="contactList.api.test.UserTest" time="1.654">
    <system-out><![CDATA[eyJhbGciOiJIUzI1NiIsInR5cCI6IkpXVCJ9.eyJfaWQiOiI2N2U0Mjg1NDE5MzJiNTAwMTMwODZhNDUiLCJpYXQiOjE3NDMwMDU3ODZ9.SSOXSrJNtzf3-uz-9c2arVTySlGhVwS3w_1YbxtHAy8
HTTP/1.1 200 OK
Server: Cowboy
Report-To: {"group":"heroku-nel","max_age":3600,"endpoints":[{"url":"https://nel.heroku.com/reports?ts=1743005786&sid=af571f24-03ee-46d1-9f90-ab9030c2c74c&s=kpf1cX%2BTzQDoqInjj8UCI9%2Fx2RRQGOdkb5H2vA7D8Zo%3D"}]}
Reporting-Endpoints: heroku-nel=https://nel.heroku.com/reports?ts=1743005786&sid=af571f24-03ee-46d1-9f90-ab9030c2c74c&s=kpf1cX%2BTzQDoqInjj8UCI9%2Fx2RRQGOdkb5H2vA7D8Zo%3D
Nel: {"report_to":"heroku-nel","max_age":3600,"success_fraction":0.005,"failure_fraction":0.05,"response_headers":["Via"]}
Connection: keep-alive
X-Powered-By: Express
Set-Cookie: token=eyJhbGciOiJIUzI1NiIsInR5cCI6IkpXVCJ9.eyJfaWQiOiI2N2U0Mjg1NDE5MzJiNTAwMTMwODZhNDUiLCJpYXQiOjE3NDMwMDU3ODZ9.SSOXSrJNtzf3-uz-9c2arVTySlGhVwS3w_1YbxtHAy8; Max-Age=36000; Path=/; Expires=Thu, 27 Mar 2025 02:16:26 GMT
Content-Type: application/json; charset=utf-8
Content-Length: 288
Etag: W/"120-x9OEJDR5rpF2arlML/H603V3acY"
Date: Wed, 26 Mar 2025 16:16:26 GMT
Via: 1.1 vegur

{
    "user": {
        "_id": "67e428541932b50013086a45",
        "firstName": "Merna",
        "lastName": "Reichert",
        "email": "melanie.abbott@gmail.com",
        "__v": 2
    },
    "token": "eyJhbGciOiJIUzI1NiIsInR5cCI6IkpXVCJ9.eyJfaWQiOiI2N2U0Mjg1NDE5MzJiNTAwMTMwODZhNDUiLCJpYXQiOjE3NDMwMDU3ODZ9.SSOXSrJNtzf3-uz-9c2arVTySlGhVwS3w_1YbxtHAy8"
}
]]></system-out>
  </testcase>
  <testcase name="testLogoutUser" classname="contactList.api.test.UserTest" time="1.523">
    <system-out><![CDATA[HTTP/1.1 200 OK
Server: Cowboy
Report-To: {"group":"heroku-nel","max_age":3600,"endpoints":[{"url":"https://nel.heroku.com/reports?ts=1743005787&sid=af571f24-03ee-46d1-9f90-ab9030c2c74c&s=u%2B1optSgeJJoIdwDDCNYaCsDDnLfIl8NczlmZwAZs50%3D"}]}
Reporting-Endpoints: heroku-nel=https://nel.heroku.com/reports?ts=1743005787&sid=af571f24-03ee-46d1-9f90-ab9030c2c74c&s=u%2B1optSgeJJoIdwDDCNYaCsDDnLfIl8NczlmZwAZs50%3D
Nel: {"report_to":"heroku-nel","max_age":3600,"success_fraction":0.005,"failure_fraction":0.05,"response_headers":["Via"]}
Connection: keep-alive
X-Powered-By: Express
Date: Wed, 26 Mar 2025 16:16:27 GMT
Content-Length: 0
Via: 1.1 vegur
]]></system-out>
  </testcase>
  <testcase name="testDeleteUser" classname="contactList.api.test.UserTest" time="3.116">
    <system-out><![CDATA[eyJhbGciOiJIUzI1NiIsInR5cCI6IkpXVCJ9.eyJfaWQiOiI2N2U0Mjg1NDE5MzJiNTAwMTMwODZhNDUiLCJpYXQiOjE3NDMwMDU3ODl9.zr4I6rqsw3R56JB98FAsAD3aPDulrqp4PB9gndOPITo
HTTP/1.1 200 OK
Server: Cowboy
Report-To: {"group":"heroku-nel","max_age":3600,"endpoints":[{"url":"https://nel.heroku.com/reports?ts=1743005789&sid=af571f24-03ee-46d1-9f90-ab9030c2c74c&s=YvG9my9NDhGwpc3nUI4CGsWSlTn2u%2B5wdccgIbve1s0%3D"}]}
Reporting-Endpoints: heroku-nel=https://nel.heroku.com/reports?ts=1743005789&sid=af571f24-03ee-46d1-9f90-ab9030c2c74c&s=YvG9my9NDhGwpc3nUI4CGsWSlTn2u%2B5wdccgIbve1s0%3D
Nel: {"report_to":"heroku-nel","max_age":3600,"success_fraction":0.005,"failure_fraction":0.05,"response_headers":["Via"]}
Connection: keep-alive
X-Powered-By: Express
Set-Cookie: token=eyJhbGciOiJIUzI1NiIsInR5cCI6IkpXVCJ9.eyJfaWQiOiI2N2U0Mjg1NDE5MzJiNTAwMTMwODZhNDUiLCJpYXQiOjE3NDMwMDU3ODl9.zr4I6rqsw3R56JB98FAsAD3aPDulrqp4PB9gndOPITo; Max-Age=36000; Path=/; Expires=Thu, 27 Mar 2025 02:16:29 GMT
Content-Type: application/json; charset=utf-8
Content-Length: 288
Etag: W/"120-sT/tvjXo/uXtRY1eGi70fkqDNvA"
Date: Wed, 26 Mar 2025 16:16:29 GMT
Via: 1.1 vegur

{
    "user": {
        "_id": "67e428541932b50013086a45",
        "firstName": "Merna",
        "lastName": "Reichert",
        "email": "melanie.abbott@gmail.com",
        "__v": 4
    },
    "token": "eyJhbGciOiJIUzI1NiIsInR5cCI6IkpXVCJ9.eyJfaWQiOiI2N2U0Mjg1NDE5MzJiNTAwMTMwODZhNDUiLCJpYXQiOjE3NDMwMDU3ODl9.zr4I6rqsw3R56JB98FAsAD3aPDulrqp4PB9gndOPITo"
}
this is for delete
eyJhbGciOiJIUzI1NiIsInR5cCI6IkpXVCJ9.eyJfaWQiOiI2N2U0Mjg1NDE5MzJiNTAwMTMwODZhNDUiLCJpYXQiOjE3NDMwMDU3ODl9.zr4I6rqsw3R56JB98FAsAD3aPDulrqp4PB9gndOPITo
HTTP/1.1 200 OK
Server: Cowboy
Report-To: {"group":"heroku-nel","max_age":3600,"endpoints":[{"url":"https://nel.heroku.com/reports?ts=1743005791&sid=af571f24-03ee-46d1-9f90-ab9030c2c74c&s=roUPD1ZBZbp1ZuVY6qBq%2F3rhGtB5bXFrU1AXspAzLZ4%3D"}]}
Reporting-Endpoints: heroku-nel=https://nel.heroku.com/reports?ts=1743005791&sid=af571f24-03ee-46d1-9f90-ab9030c2c74c&s=roUPD1ZBZbp1ZuVY6qBq%2F3rhGtB5bXFrU1AXspAzLZ4%3D
Nel: {"report_to":"heroku-nel","max_age":3600,"success_fraction":0.005,"failure_fraction":0.05,"response_headers":["Via"]}
Connection: keep-alive
X-Powered-By: Express
Date: Wed, 26 Mar 2025 16:16:31 GMT
Content-Length: 0
Via: 1.1 vegur
]]></system-out>
  </testcase>
</testsuite>